\BOOKMARK [0][-]{figure.caption.1}{Abstract}{}% 1
\BOOKMARK [0][-]{chapter*.2}{List of Figures}{}% 2
\BOOKMARK [0][-]{chapter*.3}{List of Tables}{}% 3
\BOOKMARK [0][-]{chapter.1}{Introduction}{}% 4
\BOOKMARK [1][-]{section.1.1}{Motivation}{chapter.1}% 5
\BOOKMARK [1][-]{section.1.2}{Problem Definition}{chapter.1}% 6
\BOOKMARK [1][-]{section.1.3}{Objectives}{chapter.1}% 7
\BOOKMARK [1][-]{section.1.4}{Hypothesis}{chapter.1}% 8
\BOOKMARK [2][-]{subsection.1.4.1}{Research Questions}{section.1.4}% 9
\BOOKMARK [1][-]{section.1.5}{Methodology}{chapter.1}% 10
\BOOKMARK [1][-]{section.1.6}{Contributions}{chapter.1}% 11
\BOOKMARK [1][-]{section.1.7}{Outline of the thesis}{chapter.1}% 12
\BOOKMARK [0][-]{chapter.2}{Background}{}% 13
\BOOKMARK [1][-]{section.2.1}{Classification}{chapter.2}% 14
\BOOKMARK [1][-]{section.2.2}{Artificial Neural Networks}{chapter.2}% 15
\BOOKMARK [1][-]{section.2.3}{Convolutional Networks}{chapter.2}% 16
\BOOKMARK [1][-]{section.2.4}{Image Segmentation}{chapter.2}% 17
\BOOKMARK [1][-]{section.2.5}{Practical Deep Learning}{chapter.2}% 18
\BOOKMARK [1][-]{section.2.6}{Breast Cancer}{chapter.2}% 19
\BOOKMARK [2][-]{subsection.2.6.1}{Mammograms}{section.2.6}% 20
\BOOKMARK [2][-]{subsection.2.6.2}{Mammographic databases}{section.2.6}% 21
\BOOKMARK [1][-]{section.2.7}{Convolutional Networks in Breast Cancer Research}{chapter.2}% 22
\BOOKMARK [2][-]{subsection.2.7.1}{Detection of breast masses}{section.2.7}% 23
\BOOKMARK [2][-]{subsection.2.7.2}{Detection of microcalcifications}{section.2.7}% 24
\BOOKMARK [2][-]{subsection.2.7.3}{Diagnosis of breast masses}{section.2.7}% 25
\BOOKMARK [2][-]{subsection.2.7.4}{Tissue segmentation}{section.2.7}% 26
\BOOKMARK [0][-]{chapter.3}{Solution}{}% 27
\BOOKMARK [1][-]{section.3.1}{Task definition}{chapter.3}% 28
\BOOKMARK [1][-]{section.3.2}{Data set}{chapter.3}% 29
\BOOKMARK [2][-]{subsection.3.2.1}{Database}{section.3.2}% 30
\BOOKMARK [2][-]{subsection.3.2.2}{Data division}{section.3.2}% 31
\BOOKMARK [2][-]{subsection.3.2.3}{Image enhancement}{section.3.2}% 32
\BOOKMARK [2][-]{subsection.3.2.4}{Resizing}{section.3.2}% 33
\BOOKMARK [2][-]{subsection.3.2.5}{Cropping}{section.3.2}% 34
\BOOKMARK [2][-]{subsection.3.2.6}{Data augmentation}{section.3.2}% 35
\BOOKMARK [2][-]{subsection.3.2.7}{Storage}{section.3.2}% 36
\BOOKMARK [1][-]{section.3.3}{Experiment 1}{chapter.3}% 37
\BOOKMARK [2][-]{subsection.3.3.1}{Architecture}{section.3.3}% 38
\BOOKMARK [2][-]{subsection.3.3.2}{Loss function}{section.3.3}% 39
\BOOKMARK [2][-]{subsection.3.3.3}{Hyperparameter search}{section.3.3}% 40
\BOOKMARK [1][-]{section.3.4}{Experiment 2}{chapter.3}% 41
\BOOKMARK [1][-]{section.3.5}{Experiment 3}{chapter.3}% 42
\BOOKMARK [1][-]{section.3.6}{Training}{chapter.3}% 43
\BOOKMARK [2][-]{subsection.3.6.1}{Hardware}{section.3.6}% 44
\BOOKMARK [2][-]{subsection.3.6.2}{Software}{section.3.6}% 45
\BOOKMARK [2][-]{subsection.3.6.3}{Optimization rule}{section.3.6}% 46
\BOOKMARK [2][-]{subsection.3.6.4}{Implementation details}{section.3.6}% 47
\BOOKMARK [2][-]{subsection.3.6.5}{Memory and time usage}{section.3.6}% 48
\BOOKMARK [1][-]{section.3.7}{Post-processing}{chapter.3}% 49
\BOOKMARK [1][-]{section.3.8}{Evaluation}{chapter.3}% 50
\BOOKMARK [2][-]{subsection.3.8.1}{Evaluation metrics}{section.3.8}% 51
\BOOKMARK [0][-]{chapter.4}{Results}{}% 52
\BOOKMARK [1][-]{section.4.1}{Experiment 1}{chapter.4}% 53
\BOOKMARK [2][-]{subsection.4.1.1}{Hyperparameter search}{section.4.1}% 54
\BOOKMARK [2][-]{subsection.4.1.2}{Evaluation}{section.4.1}% 55
\BOOKMARK [2][-]{subsection.4.1.3}{Qualitatiuve results}{section.4.1}% 56
\BOOKMARK [1][-]{section.4.2}{Experiment 2}{chapter.4}% 57
\BOOKMARK [2][-]{subsection.4.2.1}{Hyperparameter search}{section.4.2}% 58
\BOOKMARK [2][-]{subsection.4.2.2}{Evaluation}{section.4.2}% 59
\BOOKMARK [2][-]{subsection.4.2.3}{Qualitative results}{section.4.2}% 60
\BOOKMARK [1][-]{section.4.3}{Discussion}{chapter.4}% 61
\BOOKMARK [0][-]{chapter.5}{Conclusions}{}% 62
\BOOKMARK [1][-]{section.5.1}{Future Work}{chapter.5}% 63
\BOOKMARK [0][-]{chapter*.34}{Bibliography}{}% 64
