\BOOKMARK [0][-]{figure.caption.1}{Abstract}{}% 1
\BOOKMARK [0][-]{chapter*.2}{List of Figures}{}% 2
\BOOKMARK [0][-]{chapter*.3}{List of Tables}{}% 3
\BOOKMARK [0][-]{chapter.1}{Introduction}{}% 4
\BOOKMARK [1][-]{section.1.1}{Motivation}{chapter.1}% 5
\BOOKMARK [1][-]{section.1.2}{Problem Definition}{chapter.1}% 6
\BOOKMARK [1][-]{section.1.3}{Objectives}{chapter.1}% 7
\BOOKMARK [1][-]{section.1.4}{Hypothesis}{chapter.1}% 8
\BOOKMARK [2][-]{subsection.1.4.1}{Research Questions}{section.1.4}% 9
\BOOKMARK [1][-]{section.1.5}{Methodology}{chapter.1}% 10
\BOOKMARK [1][-]{section.1.6}{Contributions}{chapter.1}% 11
\BOOKMARK [1][-]{section.1.7}{Outline of the thesis}{chapter.1}% 12
\BOOKMARK [1][-]{section.1.8}{Summary}{chapter.1}% 13
\BOOKMARK [0][-]{chapter.2}{Background}{}% 14
\BOOKMARK [1][-]{section.2.1}{Classification}{chapter.2}% 15
\BOOKMARK [1][-]{section.2.2}{Artificial Neural Networks}{chapter.2}% 16
\BOOKMARK [1][-]{section.2.3}{Convolutional Networks}{chapter.2}% 17
\BOOKMARK [1][-]{section.2.4}{Image Segmentation}{chapter.2}% 18
\BOOKMARK [1][-]{section.2.5}{Practical Deep Learning}{chapter.2}% 19
\BOOKMARK [1][-]{section.2.6}{Breast Cancer}{chapter.2}% 20
\BOOKMARK [2][-]{subsection.2.6.1}{Mammograms}{section.2.6}% 21
\BOOKMARK [2][-]{subsection.2.6.2}{Mammographic databases}{section.2.6}% 22
\BOOKMARK [1][-]{section.2.7}{Convolutional Networks in Breast Cancer Research}{chapter.2}% 23
\BOOKMARK [2][-]{subsection.2.7.1}{Detection of breast masses}{section.2.7}% 24
\BOOKMARK [2][-]{subsection.2.7.2}{Detection of microcalcifications}{section.2.7}% 25
\BOOKMARK [2][-]{subsection.2.7.3}{Diagnosis of breast masses}{section.2.7}% 26
\BOOKMARK [2][-]{subsection.2.7.4}{Tissue segmentation}{section.2.7}% 27
\BOOKMARK [1][-]{section.2.8}{Summary}{chapter.2}% 28
\BOOKMARK [0][-]{chapter.3}{Solution}{}% 29
\BOOKMARK [1][-]{section.3.1}{Task definition}{chapter.3}% 30
\BOOKMARK [1][-]{section.3.2}{Data set}{chapter.3}% 31
\BOOKMARK [2][-]{subsection.3.2.1}{Database}{section.3.2}% 32
\BOOKMARK [2][-]{subsection.3.2.2}{Data division}{section.3.2}% 33
\BOOKMARK [2][-]{subsection.3.2.3}{Image enhancement \(Exp. 1.3 and Exp. 3\)}{section.3.2}% 34
\BOOKMARK [2][-]{subsection.3.2.4}{Resizing}{section.3.2}% 35
\BOOKMARK [2][-]{subsection.3.2.5}{Cropping}{section.3.2}% 36
\BOOKMARK [2][-]{subsection.3.2.6}{Data augmentation}{section.3.2}% 37
\BOOKMARK [2][-]{subsection.3.2.7}{Storage}{section.3.2}% 38
\BOOKMARK [1][-]{section.3.3}{Model 1}{chapter.3}% 39
\BOOKMARK [2][-]{subsection.3.3.1}{Architecture}{section.3.3}% 40
\BOOKMARK [2][-]{subsection.3.3.2}{Regularization}{section.3.3}% 41
\BOOKMARK [2][-]{subsection.3.3.3}{Loss function}{section.3.3}% 42
\BOOKMARK [2][-]{subsection.3.3.4}{Experiments}{section.3.3}% 43
\BOOKMARK [1][-]{section.3.4}{Model 2}{chapter.3}% 44
\BOOKMARK [2][-]{subsection.3.4.1}{Architecture}{section.3.4}% 45
\BOOKMARK [2][-]{subsection.3.4.2}{Regularization}{section.3.4}% 46
\BOOKMARK [2][-]{subsection.3.4.3}{Loss function}{section.3.4}% 47
\BOOKMARK [2][-]{subsection.3.4.4}{Experiments}{section.3.4}% 48
\BOOKMARK [1][-]{section.3.5}{Model 3}{chapter.3}% 49
\BOOKMARK [2][-]{subsection.3.5.1}{Architecture}{section.3.5}% 50
\BOOKMARK [2][-]{subsection.3.5.2}{Regularization}{section.3.5}% 51
\BOOKMARK [2][-]{subsection.3.5.3}{Loss function}{section.3.5}% 52
\BOOKMARK [2][-]{subsection.3.5.4}{Experiments}{section.3.5}% 53
\BOOKMARK [1][-]{section.3.6}{Training}{chapter.3}% 54
\BOOKMARK [2][-]{subsection.3.6.1}{Hardware}{section.3.6}% 55
\BOOKMARK [2][-]{subsection.3.6.2}{Software}{section.3.6}% 56
\BOOKMARK [2][-]{subsection.3.6.3}{Initialization}{section.3.6}% 57
\BOOKMARK [2][-]{subsection.3.6.4}{Hyperparameter search}{section.3.6}% 58
\BOOKMARK [2][-]{subsection.3.6.5}{Optimization}{section.3.6}% 59
\BOOKMARK [1][-]{section.3.7}{Evaluation}{chapter.3}% 60
\BOOKMARK [2][-]{subsection.3.7.1}{Post-processing}{section.3.7}% 61
\BOOKMARK [2][-]{subsection.3.7.2}{Segmentation}{section.3.7}% 62
\BOOKMARK [2][-]{subsection.3.7.3}{Metrics}{section.3.7}% 63
\BOOKMARK [1][-]{section.3.8}{Summary}{chapter.3}% 64
\BOOKMARK [0][-]{chapter.4}{Results}{}% 65
\BOOKMARK [1][-]{section.4.1}{Hyperparameter Search}{chapter.4}% 66
\BOOKMARK [1][-]{section.4.2}{Experiments}{chapter.4}% 67
\BOOKMARK [1][-]{section.4.3}{Discussion}{chapter.4}% 68
\BOOKMARK [1][-]{section.4.4}{Summary}{chapter.4}% 69
\BOOKMARK [0][-]{chapter.5}{Conclusions}{}% 70
\BOOKMARK [1][-]{section.5.1}{Future Work}{chapter.5}% 71
\BOOKMARK [0][-]{appendix.A}{Examples}{}% 72
\BOOKMARK [1][-]{section.A.1}{Example 1}{appendix.A}% 73
\BOOKMARK [1][-]{section.A.2}{Example 2}{appendix.A}% 74
\BOOKMARK [1][-]{section.A.3}{Example 3}{appendix.A}% 75
\BOOKMARK [1][-]{section.A.4}{Example 4}{appendix.A}% 76
\BOOKMARK [1][-]{section.A.5}{Example 5}{appendix.A}% 77
\BOOKMARK [0][-]{appendix*.56}{Bibliography}{}% 78
